<?xml version="1.0" encoding="UTF-8"?>
<!-- Generated by org.testng.reporters.JUnitReportReporter -->
<testsuite skipped="0" hostname="DESKTOP-LIA0PQJ" name="com.test.TestClass" tests="3" failures="0" timestamp="2022-03-31T08:47:09 EDT" time="0.004" errors="0">
  <testcase name="testCase3" time="0.001" classname="com.test.TestClass"/>
  <system-out/>
  <testcase name="testCase1" time="0.003" classname="com.test.TestClass"/>
  <system-out/>
  <testcase name="testCase2" time="0.000" classname="com.test.TestClass"/>
  <system-out/>
</testsuite> <!-- com.test.TestClass -->
